<?xml version="1.0" encoding="UTF-8"?>
<!-- Generated by org.testng.reporters.JUnitXMLReporter -->
<testsuite ignored="0" hostname="LTIN269428" failures="0" tests="10" name="ChromeTest" time="109.613" errors="0" timestamp="2024-02-08T21:14:27 IST">
  <testcase classname="project.base" name="beCog" time="10.368"/>
  <testcase classname="project.base" name="captureUserInfo" time="47.084"/>
  <testcase classname="project.truTime" name="oneCvalidation" time="3.598"/>
  <testcase classname="project.truTime" name="nvgTru" time="15.208"/>
  <testcase classname="project.truTime" name="dateWeekValidation" time="0.033"/>
  <testcase classname="project.truTime" name="dateCheck" time="30.447"/>
  <testcase classname="project.truTime" name="valiDate" time="0.105"/>
  <testcase classname="project.truTime" name="MonthYearVal" time="0.088"/>
  <testcase classname="project.truTime" name="Legends" time="0.665"/>
  <testcase classname="project.base" name="close" time="1.244"/>
</testsuite> <!-- ChromeTest -->
